Create directory pilot_gfa/clusters/tmp
easy-linclust NM_001180862.2.fasta pilot_gfa/clusters/clust_out pilot_gfa/clusters/tmp --threads 10 

MMseqs Version:                     	14.7e284
Cluster mode                        	0
Max connected component depth       	1000
Similarity type                     	2
Threads                             	10
Compressed                          	0
Verbosity                           	3
Substitution matrix                 	aa:blosum62.out,nucl:nucleotide.out
Add backtrace                       	false
Alignment mode                      	0
Alignment mode                      	0
Allow wrapped scoring               	false
E-value threshold                   	0.001
Seq. id. threshold                  	0
Min alignment length                	0
Seq. id. mode                       	0
Alternative alignments              	0
Coverage threshold                  	0.8
Coverage mode                       	0
Max sequence length                 	65535
Compositional bias                  	1
Compositional bias                  	1
Max reject                          	2147483647
Max accept                          	2147483647
Include identical seq. id.          	false
Preload mode                        	0
Pseudo count a                      	substitution:1.100,context:1.400
Pseudo count b                      	substitution:4.100,context:5.800
Score bias                          	0
Realign hits                        	false
Realign score bias                  	-0.2
Realign max seqs                    	2147483647
Correlation score weight            	0
Gap open cost                       	aa:11,nucl:5
Gap extension cost                  	aa:1,nucl:2
Zdrop                               	40
Alphabet size                       	aa:21,nucl:5
k-mers per sequence                 	21
Spaced k-mers                       	0
Spaced k-mer pattern                	
Scale k-mers per sequence           	aa:0.000,nucl:0.200
Adjust k-mer length                 	false
Mask residues                       	1
Mask residues probability           	0.9
Mask lower case residues            	0
k-mer length                        	0
Shift hash                          	67
Split memory limit                  	0
Include only extendable             	false
Skip repeating k-mers               	false
Rescore mode                        	0
Remove hits by seq. id. and coverage	false
Sort results                        	0
Remove temporary files              	true
Force restart with latest tmp       	false
MPI runner                          	
Database type                       	0
Shuffle input database              	true
Createdb mode                       	1
Write lookup file                   	0
Offset of numeric ids               	0

createdb NM_001180862.2.fasta pilot_gfa/clusters/tmp/7587622457353730016/input --dbtype 0 --shuffle 1 --createdb-mode 1 --write-lookup 0 --id-offset 0 --compressed 0 -v 3 

Shuffle database cannot be combined with --createdb-mode 0
We recompute with --shuffle 0
Converting sequences
[Multiline fasta can not be combined with --createdb-mode 0
We recompute with --createdb-mode 1
Time for merging to input_h: 0h 0m 0s 7ms
Time for merging to input: 0h 0m 0s 7ms
[
Time for merging to input_h: 0h 0m 0s 7ms
Time for merging to input: 0h 0m 0s 7ms
Database type: Nucleotide
Time for processing: 0h 0m 0s 72ms
Create directory pilot_gfa/clusters/tmp/7587622457353730016/clu_tmp
linclust pilot_gfa/clusters/tmp/7587622457353730016/input pilot_gfa/clusters/tmp/7587622457353730016/clu pilot_gfa/clusters/tmp/7587622457353730016/clu_tmp --threads 10 -e 0.001 -c 0.8 --spaced-kmer-mode 0 --remove-tmp-files 1 

Set cluster mode SET COVER.
kmermatcher pilot_gfa/clusters/tmp/7587622457353730016/input pilot_gfa/clusters/tmp/7587622457353730016/clu_tmp/3249776285414482880/pref --sub-mat 'aa:blosum62.out,nucl:nucleotide.out' --alph-size aa:13,nucl:5 --min-seq-id 0.9 --kmer-per-seq 21 --spaced-kmer-mode 0 --kmer-per-seq-scale aa:0.000,nucl:0.200 --adjust-kmer-len 0 --mask 0 --mask-prob 0.9 --mask-lower-case 0 --cov-mode 0 -k 0 -c 0.8 --max-seq-len 65535 --hash-shift 67 --split-memory-limit 0 --include-only-extendable 0 --ignore-multi-kmer 0 --threads 10 --compressed 0 -v 3 

kmermatcher pilot_gfa/clusters/tmp/7587622457353730016/input pilot_gfa/clusters/tmp/7587622457353730016/clu_tmp/3249776285414482880/pref --sub-mat 'aa:blosum62.out,nucl:nucleotide.out' --alph-size aa:13,nucl:5 --min-seq-id 0.9 --kmer-per-seq 21 --spaced-kmer-mode 0 --kmer-per-seq-scale aa:0.000,nucl:0.200 --adjust-kmer-len 0 --mask 0 --mask-prob 0.9 --mask-lower-case 0 --cov-mode 0 -k 0 -c 0.8 --max-seq-len 65535 --hash-shift 67 --split-memory-limit 0 --include-only-extendable 0 --ignore-multi-kmer 0 --threads 10 --compressed 0 -v 3 

Database size: 10 type: Nucleotide

Generate k-mers list for 1 split
[=================================================================] 10 0s 5ms

Adjusted k-mer length 17
Sort kmer 0h 0m 0s 1ms
Sort by rep. sequence 0h 0m 0s 0ms
Time for fill: 0h 0m 0s 0ms
Time for merging to pref: 0h 0m 0s 7ms
Time for processing: 0h 0m 0s 34ms
rescorediagonal pilot_gfa/clusters/tmp/7587622457353730016/input pilot_gfa/clusters/tmp/7587622457353730016/input pilot_gfa/clusters/tmp/7587622457353730016/clu_tmp/3249776285414482880/pref pilot_gfa/clusters/tmp/7587622457353730016/clu_tmp/3249776285414482880/pref_rescore1 --sub-mat 'aa:blosum62.out,nucl:nucleotide.out' --rescore-mode 0 --wrapped-scoring 0 --filter-hits 0 -e 0.001 -c 0.8 -a 0 --cov-mode 0 --min-seq-id 0.9 --min-aln-len 0 --seq-id-mode 0 --add-self-matches 0 --sort-results 0 --db-load-mode 0 --threads 10 --compressed 0 -v 3 

[================================================] 10= ====0s 1ms
============Time for merging to pref_rescore1: 0h 0m 0s 40ms
Time for processing: 0h 0m 0s 124ms
clust pilot_gfa/clusters/tmp/7587622457353730016/input pilot_gfa/clusters/tmp/7587622457353730016/clu_tmp/3249776285414482880/pref_rescore1 pilot_gfa/clusters/tmp/7587622457353730016/clu_tmp/3249776285414482880/pre_clust --cluster-mode 0 --max-iterations 1000 --similarity-type 2 --threads 10 --compressed 0 -v 3 

Clustering mode: Set Cover
[=================================================================] 10 0s 0ms
Sort entries
Find missing connections
Found 35 new connections.
Reconstruct initial order
[=================================================================] 10 0s 0ms
Add missing connections
[=================================================================] 10 0s 0ms

Time for read in: 0h 0m 0s 34ms
Total time: 0h 0m 0s 38ms

Size of the sequence database: 10
Size of the alignment database: 10
Number of clusters: 1

Writing results 0h 0m 0s 0ms
Time for merging to pre_clust: 0h 0m 0s 7ms
Time for processing: 0h 0m 0s 68ms
createsubdb pilot_gfa/clusters/tmp/7587622457353730016/clu_tmp/3249776285414482880/order_redundancy pilot_gfa/clusters/tmp/7587622457353730016/input pilot_gfa/clusters/tmp/7587622457353730016/clu_tmp/3249776285414482880/input_step_redundancy -v 3 --subdb-mode 1 

Time for merging to input_step_redundancy: 0h 0m 0s 5ms
Time for processing: 0h 0m 0s 27ms
createsubdb pilot_gfa/clusters/tmp/7587622457353730016/clu_tmp/3249776285414482880/order_redundancy pilot_gfa/clusters/tmp/7587622457353730016/clu_tmp/3249776285414482880/pref pilot_gfa/clusters/tmp/7587622457353730016/clu_tmp/3249776285414482880/pref_filter1 -v 3 --subdb-mode 1 

Time for merging to pref_filter1: 0h 0m 0s 5ms
Time for processing: 0h 0m 0s 22ms
filterdb pilot_gfa/clusters/tmp/7587622457353730016/clu_tmp/3249776285414482880/pref_filter1 pilot_gfa/clusters/tmp/7587622457353730016/clu_tmp/3249776285414482880/pref_filter2 --filter-file pilot_gfa/clusters/tmp/7587622457353730016/clu_tmp/3249776285414482880/order_redundancy --threads 10 --compressed 0 -v 3 

Filtering using file(s)
[=================================================================] 1 0s 1ms
Time for merging to pref_filter2: 0h 0m 0s 46ms
Time for processing: 0h 0m 0s 99ms
align pilot_gfa/clusters/tmp/7587622457353730016/clu_tmp/3249776285414482880/input_step_redundancy pilot_gfa/clusters/tmp/7587622457353730016/clu_tmp/3249776285414482880/input_step_redundancy pilot_gfa/clusters/tmp/7587622457353730016/clu_tmp/3249776285414482880/pref_filter2 pilot_gfa/clusters/tmp/7587622457353730016/clu_tmp/3249776285414482880/aln --sub-mat 'aa:blosum62.out,nucl:nucleotide.out' -a 0 --alignment-mode 2 --alignment-output-mode 0 --wrapped-scoring 0 -e 0.001 --min-seq-id 0.9 --min-aln-len 0 --seq-id-mode 0 --alt-ali 0 -c 0.8 --cov-mode 0 --max-seq-len 65535 --comp-bias-corr 1 --comp-bias-corr-scale 1 --max-rejected 2147483647 --max-accept 2147483647 --add-self-matches 0 --db-load-mode 0 --pca substitution:1.100,context:1.400 --pcb substitution:4.100,context:5.800 --score-bias 0 --realign 0 --realign-score-bias -0.2 --realign-max-seqs 2147483647 --corr-score-weight 0 --gap-open aa:11,nucl:5 --gap-extend aa:1,nucl:2 --zdrop 40 --threads 10 --compressed 0 -v 3 

Compute score and coverage
Query database size: 1 type: Nucleotide
Target database size: 1 type: Nucleotide
Calculation of alignments
[=================================================================] 1 0s 0ms
Time for merging to aln: 0h 0m 0s 10ms
1 alignments calculated
1 sequence pairs passed the thresholds (1.000000 of overall calculated)
1.000000 hits per query sequence
Time for processing: 0h 0m 0s 78ms
clust pilot_gfa/clusters/tmp/7587622457353730016/clu_tmp/3249776285414482880/input_step_redundancy pilot_gfa/clusters/tmp/7587622457353730016/clu_tmp/3249776285414482880/aln pilot_gfa/clusters/tmp/7587622457353730016/clu_tmp/3249776285414482880/clust --cluster-mode 0 --max-iterations 1000 --similarity-type 2 --threads 10 --compressed 0 -v 3 

Clustering mode: Set Cover
[=================================================================] 1 0s 0ms
Sort entries
Find missing connections
Found 0 new connections.
Reconstruct initial order
[=================================================================] 1 0s 0ms
Add missing connections
[=================================================================] 1 0s 0ms

Time for read in: 0h 0m 0s 4ms
Total time: 0h 0m 0s 8ms

Size of the sequence database: 1
Size of the alignment database: 1
Number of clusters: 1

Writing results 0h 0m 0s 0ms
Time for merging to clust: 0h 0m 0s 7ms
Time for processing: 0h 0m 0s 32ms
mergeclusters pilot_gfa/clusters/tmp/7587622457353730016/input pilot_gfa/clusters/tmp/7587622457353730016/clu pilot_gfa/clusters/tmp/7587622457353730016/clu_tmp/3249776285414482880/pre_clust pilot_gfa/clusters/tmp/7587622457353730016/clu_tmp/3249776285414482880/clust --threads 10 --compressed 0 -v 3 

Clustering step 1
[=================================================================] 1 0s 0ms
Clustering step 2
[=================================================================] 1 0s 5ms
Write merged clustering
[=================================================================] 10 0s 38ms
Time for merging to clu: 0h 0m 0s 44ms
Time for processing: 0h 0m 0s 105ms
rmdb pilot_gfa/clusters/tmp/7587622457353730016/clu_tmp/3249776285414482880/pref_filter1 -v 3 

Time for processing: 0h 0m 0s 3ms
rmdb pilot_gfa/clusters/tmp/7587622457353730016/clu_tmp/3249776285414482880/pref -v 3 

Time for processing: 0h 0m 0s 2ms
rmdb pilot_gfa/clusters/tmp/7587622457353730016/clu_tmp/3249776285414482880/pref_rescore1 -v 3 

Time for processing: 0h 0m 0s 6ms
rmdb pilot_gfa/clusters/tmp/7587622457353730016/clu_tmp/3249776285414482880/pre_clust -v 3 

Time for processing: 0h 0m 0s 2ms
rmdb pilot_gfa/clusters/tmp/7587622457353730016/clu_tmp/3249776285414482880/input_step_redundancy -v 3 

Time for processing: 0h 0m 0s 3ms
rmdb pilot_gfa/clusters/tmp/7587622457353730016/clu_tmp/3249776285414482880/input_step_redundancy_h -v 3 

Time for processing: 0h 0m 0s 4ms
rmdb pilot_gfa/clusters/tmp/7587622457353730016/clu_tmp/3249776285414482880/pref_filter2 -v 3 

Time for processing: 0h 0m 0s 6ms
rmdb pilot_gfa/clusters/tmp/7587622457353730016/clu_tmp/3249776285414482880/aln -v 3 

Time for processing: 0h 0m 0s 2ms
rmdb pilot_gfa/clusters/tmp/7587622457353730016/clu_tmp/3249776285414482880/clust -v 3 

Time for processing: 0h 0m 0s 2ms
createtsv pilot_gfa/clusters/tmp/7587622457353730016/input pilot_gfa/clusters/tmp/7587622457353730016/input pilot_gfa/clusters/tmp/7587622457353730016/clu pilot_gfa/clusters/tmp/7587622457353730016/cluster.tsv --threads 10 -v 3 

Time for merging to cluster.tsv: 0h 0m 0s 44ms
Time for processing: 0h 0m 0s 87ms
result2repseq pilot_gfa/clusters/tmp/7587622457353730016/input pilot_gfa/clusters/tmp/7587622457353730016/clu pilot_gfa/clusters/tmp/7587622457353730016/clu_rep --db-load-mode 0 --compressed 0 --threads 10 -v 3 

[=================================================================] 1 0s 1ms
Time for merging to clu_rep: 0h 0m 0s 50ms
Time for processing: 0h 0m 0s 102ms
result2flat pilot_gfa/clusters/tmp/7587622457353730016/input pilot_gfa/clusters/tmp/7587622457353730016/input pilot_gfa/clusters/tmp/7587622457353730016/clu_rep pilot_gfa/clusters/tmp/7587622457353730016/rep_seq.fasta --use-fasta-header -v 3 

Time for processing: 0h 0m 0s 10ms
createseqfiledb pilot_gfa/clusters/tmp/7587622457353730016/input pilot_gfa/clusters/tmp/7587622457353730016/clu pilot_gfa/clusters/tmp/7587622457353730016/clu_seqs --threads 10 -v 3 

[=================================================================] 1 0s 1ms
Time for merging to clu_seqs: 0h 0m 0s 33ms
Time for processing: 0h 0m 0s 81ms
result2flat pilot_gfa/clusters/tmp/7587622457353730016/input pilot_gfa/clusters/tmp/7587622457353730016/input pilot_gfa/clusters/tmp/7587622457353730016/clu_seqs pilot_gfa/clusters/tmp/7587622457353730016/all_seqs.fasta -v 3 

Time for processing: 0h 0m 0s 16ms
rmdb pilot_gfa/clusters/tmp/7587622457353730016/input -v 3 

Time for processing: 0h 0m 0s 2ms
rmdb pilot_gfa/clusters/tmp/7587622457353730016/input_h -v 3 

Time for processing: 0h 0m 0s 2ms
rmdb pilot_gfa/clusters/tmp/7587622457353730016/clu_seqs -v 3 

Time for processing: 0h 0m 0s 6ms
rmdb pilot_gfa/clusters/tmp/7587622457353730016/clu_rep -v 3 

Time for processing: 0h 0m 0s 4ms
rmdb pilot_gfa/clusters/tmp/7587622457353730016/clu -v 3 

Time for processing: 0h 0m 0s 9ms
